Arguments: 
  C:\Program Files\nodejs\node.exe C:\Users\ushio\AppData\Roaming\npm\node_modules\yarn\bin\yarn.js add express

PATH: 
  C:\usr\local\vendor\bin;C:\usr\local\vendor\conemu-maximus5\ConEmu\Scripts;C:\usr\local\vendor\conemu-maximus5;C:\usr\local\vendor\conemu-maximus5\ConEmu;C:\Program Files (x86)\Common Files\Intel\Shared Libraries\redist\intel64\compiler;C:\usr\local\Ruby27-x64\bin;C:\Program Files\Python38\Scripts\;C:\Program Files\Python38\;C:\bin;C:\usr\local\bin;C:\Windows\system32;C:\Windows;C:\Windows\System32\Wbem;C:\Program Files (x86)\Common Files\Oracle\Java\javapath;C:\Windows\System32\WindowsPowerShell\v1.0\;C:\Windows\System32\OpenSSH\;C:\Program Files\nodejs\;C:\Program Files\Go\bin;C:\Program Files (x86)\Lua\5.1;C:\Program Files (x86)\Lua\5.1\clibs;C:\Program Files\MiKTeX 2.9\miktex\bin\x64\;C:\Program Files\Microsoft VS Code\bin;C:\Program Files\MATLAB\R2020a\bin;C:\Users\ushio\scoop\shims;C:\Program Files\Ruby27-x64\bin;C:\Users\ushio\AppData\Local\Microsoft\WindowsApps;C:\Users\ushio\AppData\Roaming\npm;C:\Users\ushio\go\bin;C:\Program Files\Bandizip\;C:\usr\local\vendor\git-for-windows\cmd;C:\usr\local\vendor\git-for-windows\mingw64\bin;C:\usr\local\vendor\git-for-windows\usr\bin;C:\usr\local

Yarn version: 
  1.22.0

Node version: 
  12.16.1

Platform: 
  win32 x64

Trace: 
  Error: ENOENT: no such file or directory, copyfile 'C:\Users\ushio\AppData\Local\Yarn\Cache\v6\npm-inherits-2.0.4-0fa2c64f932917c3433a0ded55363aae37416b7c-integrity\node_modules\inherits\inherits_browser.js' -> 'c:\opt\git\upload-api\node_modules\send\node_modules\inherits\inherits_browser.js'

npm manifest: 
  {
    "name": "upload-api",
    "version": "1.0.0",
    "main": "index.js",
    "repository": "git@github.com:IoTcat/upload-api.git",
    "author": "iotcat <i@iotcat.me>",
    "license": "MIT"
  }

yarn manifest: 
  No manifest

Lockfile: 
  No lockfile
